<?xml version="1.0" encoding="UTF-8"?>
<!-- Generated by org.testng.reporters.JUnitReportReporter -->
<testsuite hostname="LTIN480017" failures="0" tests="2" name="testCases.TC001_UserRegistration" time="8.208" errors="0" timestamp="2025-10-21T12:14:09 IST" skipped="0">
  <testcase classname="testCases.TC001_UserRegistration" name="verifyRegistration" time="4.048"/>
  <testcase classname="testCases.TC001_UserRegistration" name="verifyRegistration" time="4.160"/>
</testsuite> <!-- testCases.TC001_UserRegistration -->
